0 info it worked if it ends with ok
1 verbose cli [ 'C:\\Program Files\\nodejs\\node.exe',
1 verbose cli   'C:\\Program Files\\nodejs\\node_modules\\npm\\bin\\npm-cli.js',
1 verbose cli   'run',
1 verbose cli   'localStart' ]
2 info using npm@4.1.2
3 info using node@v7.7.2
4 verbose run-script [ 'prelocalStart', 'localStart', 'postlocalStart' ]
5 info lifecycle server@1.0.0~prelocalStart: server@1.0.0
6 silly lifecycle server@1.0.0~prelocalStart: no script for prelocalStart, continuing
7 info lifecycle server@1.0.0~localStart: server@1.0.0
8 verbose lifecycle server@1.0.0~localStart: unsafe-perm in lifecycle true
9 verbose lifecycle server@1.0.0~localStart: PATH: C:\Program Files\nodejs\node_modules\npm\bin\node-gyp-bin;C:\Users\admin\Desktop\github\legoSite\server\node_modules\.bin;C:\Users\admin\bin;C:\Program Files\Git\mingw64\bin;C:\Program Files\Git\usr\local\bin;C:\Program Files\Git\usr\bin;C:\Program Files\Git\usr\bin;C:\Program Files\Git\mingw64\bin;C:\Program Files\Git\usr\bin;C:\Users\admin\bin;C:\Windows\system32;C:\Windows;C:\Windows\System32\Wbem;C:\Windows\System32\WindowsPowerShell\v1.0;C:\Program Files (x86)\NVIDIA Corporation\PhysX\Common;C:\Program Files\Intel\WiFi\bin;C:\Program Files\Common Files\Intel\WirelessCommon;C:\WINDOWS\system32;C:\WINDOWS;C:\WINDOWS\System32\Wbem;C:\WINDOWS\System32\WindowsPowerShell\v1.0;C:\Program Files\nodejs;C:\Program Files\Git\cmd;C:\Program Files\Git\mingw64\bin;C:\Program Files\Git\usr\bin;C:\Program Files\MongoDB\Server\3.4\bin;C:\Users\admin\AppData\Local\Programs\Python\Python36-32\Scripts;C:\Users\admin\AppData\Local\Programs\Python\Python36-32;C:\Users\admin\AppData\Local\Programs\Python\Python35-32\Scripts;C:\Users\admin\AppData\Local\Programs\Python\Python35-32;C:\Users\admin\AppData\Local\Microsoft\WindowsApps;C:\Users\admin\AppData\Local\atom\bin;C:\Users\admin\AppData\Roaming\npm;C:\Users\admin\AppData\Local\atom;C:\Program Files\Git\usr\bin\vendor_perl;C:\Program Files\Git\usr\bin\core_perl
10 verbose lifecycle server@1.0.0~localStart: CWD: C:\Users\admin\Desktop\github\legoSite\server
11 silly lifecycle server@1.0.0~localStart: Args: [ '/d /s /c', 'NODE_ENV=local && node index.js' ]
12 silly lifecycle server@1.0.0~localStart: Returned: code: 1  signal: null
13 info lifecycle server@1.0.0~localStart: Failed to exec localStart script
14 verbose stack Error: server@1.0.0 localStart: `NODE_ENV=local && node index.js`
14 verbose stack Exit status 1
14 verbose stack     at EventEmitter.<anonymous> (C:\Program Files\nodejs\node_modules\npm\lib\utils\lifecycle.js:279:16)
14 verbose stack     at emitTwo (events.js:106:13)
14 verbose stack     at EventEmitter.emit (events.js:194:7)
14 verbose stack     at ChildProcess.<anonymous> (C:\Program Files\nodejs\node_modules\npm\lib\utils\spawn.js:40:14)
14 verbose stack     at emitTwo (events.js:106:13)
14 verbose stack     at ChildProcess.emit (events.js:194:7)
14 verbose stack     at maybeClose (internal/child_process.js:899:16)
14 verbose stack     at Process.ChildProcess._handle.onexit (internal/child_process.js:226:5)
15 verbose pkgid server@1.0.0
16 verbose cwd C:\Users\admin\Desktop\github\legoSite\server
17 error Windows_NT 10.0.14393
18 error argv "C:\\Program Files\\nodejs\\node.exe" "C:\\Program Files\\nodejs\\node_modules\\npm\\bin\\npm-cli.js" "run" "localStart"
19 error node v7.7.2
20 error npm  v4.1.2
21 error code ELIFECYCLE
22 error server@1.0.0 localStart: `NODE_ENV=local && node index.js`
22 error Exit status 1
23 error Failed at the server@1.0.0 localStart script 'NODE_ENV=local && node index.js'.
23 error Make sure you have the latest version of node.js and npm installed.
23 error If you do, this is most likely a problem with the server package,
23 error not with npm itself.
23 error Tell the author that this fails on your system:
23 error     NODE_ENV=local && node index.js
23 error You can get information on how to open an issue for this project with:
23 error     npm bugs server
23 error Or if that isn't available, you can get their info via:
23 error     npm owner ls server
23 error There is likely additional logging output above.
24 verbose exit [ 1, true ]
